<?xml version="1.0" encoding="UTF-8"?>
<!-- Generated by org.testng.reporters.JUnitReportReporter -->
<testsuite hostname="DESKTOP-FV7QQA3" failures="0" tests="9" name="testRunner.CheckTrackRunner" time="186.423" errors="1" timestamp="2024-04-25T17:32:36 IST" skipped="0">
  <testcase classname="testRunner.CheckTrackRunner" name="runScenario" time="17.696"/>
  <testcase classname="testRunner.CheckTrackRunner" name="runScenario" time="16.859"/>
  <testcase classname="testRunner.CheckTrackRunner" name="runScenario" time="18.985"/>
  <testcase classname="testRunner.CheckTrackRunner" name="runScenario" time="44.732">
    <error message="An element could not be located on the page using the given search parameters.
For documentation on this error, please visit: https://www.selenium.dev/documentation/webdriver/troubleshooting/errors#no-such-element-exception
Build info: version: &#039;4.13.0&#039;, revision: &#039;ba948ece5b*&#039;
System info: os.name: &#039;Windows 10&#039;, os.arch: &#039;amd64&#039;, os.version: &#039;10.0&#039;, java.version: &#039;17.0.8&#039;
Driver info: io.appium.java_client.android.AndroidDriver
Command: [47037a3d-6b75-4304-a655-56568305ab2f, findElement {using=xpath, value=//android.view.View[@content-desc=&quot;Login Successful&quot;]}]
Capabilities {appium:app: C:\AkashWorkspace\SetupFile..., appium:appPackage: com.example.employee_app, appium:automationName: UiAutomator2, appium:databaseEnabled: false, appium:desired: {app: C:\AkashWorkspace\SetupFile..., automationName: UiAutomator2, deviceName: Android12, newCommandTimeout: 60, platformName: ANDROID, platformVersion: 12, resetKeyboard: true, unicodeKeyboard: true}, appium:deviceApiLevel: 31, appium:deviceManufacturer: Google, appium:deviceModel: sdk_gphone64_x86_64, appium:deviceName: emulator-5554, appium:deviceScreenDensity: 420, appium:deviceScreenSize: 1080x1920, appium:deviceUDID: emulator-5554, appium:javascriptEnabled: true, appium:locationContextEnabled: false, appium:networkConnectionEnabled: true, appium:newCommandTimeout: 60, appium:pixelRatio: 2.625, appium:platformVersion: 12, appium:resetKeyboard: true, appium:statBarHeight: 63, appium:takesScreenshot: true, appium:unicodeKeyboard: true, appium:viewportRect: {height: 1731, left: 0, top: 63, width: 1080}, appium:warnings: {}, appium:webStorageEnabled: false, platformName: ANDROID}
Session ID: 47037a3d-6b75-4304-a655-56568305ab2f" type="org.openqa.selenium.NoSuchElementException">
      <![CDATA[org.openqa.selenium.NoSuchElementException: An element could not be located on the page using the given search parameters.
For documentation on this error, please visit: https://www.selenium.dev/documentation/webdriver/troubleshooting/errors#no-such-element-exception
Build info: version: '4.13.0', revision: 'ba948ece5b*'
System info: os.name: 'Windows 10', os.arch: 'amd64', os.version: '10.0', java.version: '17.0.8'
Driver info: io.appium.java_client.android.AndroidDriver
Command: [47037a3d-6b75-4304-a655-56568305ab2f, findElement {using=xpath, value=//android.view.View[@content-desc="Login Successful"]}]
Capabilities {appium:app: C:\AkashWorkspace\SetupFile..., appium:appPackage: com.example.employee_app, appium:automationName: UiAutomator2, appium:databaseEnabled: false, appium:desired: {app: C:\AkashWorkspace\SetupFile..., automationName: UiAutomator2, deviceName: Android12, newCommandTimeout: 60, platformName: ANDROID, platformVersion: 12, resetKeyboard: true, unicodeKeyboard: true}, appium:deviceApiLevel: 31, appium:deviceManufacturer: Google, appium:deviceModel: sdk_gphone64_x86_64, appium:deviceName: emulator-5554, appium:deviceScreenDensity: 420, appium:deviceScreenSize: 1080x1920, appium:deviceUDID: emulator-5554, appium:javascriptEnabled: true, appium:locationContextEnabled: false, appium:networkConnectionEnabled: true, appium:newCommandTimeout: 60, appium:pixelRatio: 2.625, appium:platformVersion: 12, appium:resetKeyboard: true, appium:statBarHeight: 63, appium:takesScreenshot: true, appium:unicodeKeyboard: true, appium:viewportRect: {height: 1731, left: 0, top: 63, width: 1080}, appium:warnings: {}, appium:webStorageEnabled: false, platformName: ANDROID}
Session ID: 47037a3d-6b75-4304-a655-56568305ab2f
at java.base/jdk.internal.reflect.NativeConstructorAccessorImpl.newInstance0(Native Method)
at java.base/jdk.internal.reflect.NativeConstructorAccessorImpl.newInstance(NativeConstructorAccessorImpl.java:77)
at java.base/jdk.internal.reflect.DelegatingConstructorAccessorImpl.newInstance(DelegatingConstructorAccessorImpl.java:45)
at java.base/java.lang.reflect.Constructor.newInstanceWithCaller(Constructor.java:499)
at java.base/java.lang.reflect.Constructor.newInstance(Constructor.java:480)
at org.openqa.selenium.remote.codec.w3c.W3CHttpResponseCodec.createException(W3CHttpResponseCodec.java:200)
at org.openqa.selenium.remote.codec.w3c.W3CHttpResponseCodec.decode(W3CHttpResponseCodec.java:133)
at org.openqa.selenium.remote.codec.w3c.W3CHttpResponseCodec.decode(W3CHttpResponseCodec.java:52)
at org.openqa.selenium.remote.HttpCommandExecutor.execute(HttpCommandExecutor.java:191)
at io.appium.java_client.remote.AppiumCommandExecutor.execute(AppiumCommandExecutor.java:250)
at org.openqa.selenium.remote.RemoteWebDriver.execute(RemoteWebDriver.java:602)
at org.openqa.selenium.remote.ElementLocation$ElementFinder$2.findElement(ElementLocation.java:165)
at org.openqa.selenium.remote.ElementLocation.findElement(ElementLocation.java:59)
at org.openqa.selenium.remote.RemoteWebDriver.findElement(RemoteWebDriver.java:359)
at org.openqa.selenium.remote.RemoteWebDriver.findElement(RemoteWebDriver.java:353)
at org.openqa.selenium.support.pagefactory.DefaultElementLocator.findElement(DefaultElementLocator.java:68)
at org.openqa.selenium.support.pagefactory.internal.LocatingElementHandler.invoke(LocatingElementHandler.java:38)
at jdk.proxy2/jdk.proxy2.$Proxy44.getAttribute(Unknown Source)
at qa.pageLayer.LoginPage.loginSuccessFullmassage(LoginPage.java:100)
at stepDefination.CheckTrackLoginDef.verify_the_error_message_and(CheckTrackLoginDef.java:216)
at âœ½.verify the error message "Login Successful" and 0(file:///C:/Users/agsat/git/CucumberAuto/CucumberAuto/./FeatureFile/Loginfeature.feature:10)
]]>
    </error>
  </testcase> <!-- runScenario -->
  <testcase classname="testRunner.CheckTrackRunner" name="runScenario" time="20.196"/>
  <testcase classname="testRunner.CheckTrackRunner" name="runScenario" time="15.805"/>
  <testcase classname="testRunner.CheckTrackRunner" name="runScenario" time="17.242"/>
  <testcase classname="testRunner.CheckTrackRunner" name="runScenario" time="18.472"/>
  <testcase classname="testRunner.CheckTrackRunner" name="runScenario" time="16.436"/>
</testsuite> <!-- testRunner.CheckTrackRunner -->
