<html>
<head>
<title>TestNG:  Default test</title>
<link href="../testng.css" rel="stylesheet" type="text/css" />
<link href="../my-testng.css" rel="stylesheet" type="text/css" />

<style type="text/css">
.log { display: none;} 
.stack-trace { display: none;} 
</style>
<script type="text/javascript">
<!--
function flip(e) {
  current = e.style.display;
  if (current == 'block') {
    e.style.display = 'none';
    return 0;
  }
  else {
    e.style.display = 'block';
    return 1;
  }
}

function toggleBox(szDivId, elem, msg1, msg2)
{
  var res = -1;  if (document.getElementById) {
    res = flip(document.getElementById(szDivId));
  }
  else if (document.all) {
    // this is the way old msie versions work
    res = flip(document.all[szDivId]);
  }
  if(elem) {
    if(res == 0) elem.innerHTML = msg1; else elem.innerHTML = msg2;
  }

}

function toggleAllBoxes() {
  if (document.getElementsByTagName) {
    d = document.getElementsByTagName('div');
    for (i = 0; i < d.length; i++) {
      if (d[i].className == 'log') {
        flip(d[i]);
      }
    }
  }
}

// -->
</script>

</head>
<body>
<h2 align='center'>Default test</h2><table border='1' align="center">
<tr>
<td>Tests passed/Failed/Skipped:</td><td>8/1/0</td>
</tr><tr>
<td>Started on:</td><td>Wed Apr 24 19:20:53 IST 2024</td>
</tr>
<tr><td>Total time:</td><td>222 seconds (222575 ms)</td>
</tr><tr>
<td>Included groups:</td><td></td>
</tr><tr>
<td>Excluded groups:</td><td></td>
</tr>
</table><p/>
<small><i>(Hover the method name to see the test class name)</i></small><p/>
<table width='100%' border='1' class='invocation-failed'>
<tr><td colspan='4' align='center'><b>FAILED TESTS</b></td></tr>
<tr><td><b>Test method</b></td>
<td><b>Attribute(s)</b></td>
<td width="30%"><b>Exception</b></td>
<td width="10%"><b>Time (seconds)</b></td>
<td><b>Instance</b></td>
</tr>
<tr>
<td title='testRunner.CheckTrackRunner.runScenario()'><b>runScenario</b><br>Test class: testRunner.CheckTrackRunner<br>Test method: Runs Cucumber Scenarios<br>Parameters: "Login Page Validations", "Verify the login Functionality"</td>
<td><div><pre>org.openqa.selenium.NoSuchElementException: An element could not be located on the page using the given search parameters.
For documentation on this error, please visit: https://www.selenium.dev/documentation/webdriver/troubleshooting/errors#no-such-element-exception
Build info: version: &apos;4.13.0&apos;, revision: &apos;ba948ece5b*&apos;
System info: os.name: &apos;Windows 10&apos;, os.arch: &apos;amd64&apos;, os.version: &apos;10.0&apos;, java.version: &apos;17.0.8&apos;
Driver info: io.appium.java_client.android.AndroidDriver
Command: [e7062f6f-cb26-4504-8b2c-1e33943f1062, findElement {using=xpath, value=//android.view.View[@content-desc=&quot;Login Successful&quot;]}]
Capabilities {appium:app: C:\AkashWorkspace\SetupFile..., appium:appPackage: com.example.employee_app, appium:automationName: UiAutomator2, appium:databaseEnabled: false, appium:desired: {app: C:\AkashWorkspace\SetupFile..., automationName: UiAutomator2, deviceName: Android12, newCommandTimeout: 60, platformName: ANDROID, platformVersion: 12, resetKeyboard: true, unicodeKeyboard: true}, appium:deviceApiLevel: 31, appium:deviceManufacturer: Google, appium:deviceModel: sdk_gphone64_x86_64, appium:deviceName: emulator-5554, appium:deviceScreenDensity: 420, appium:deviceScreenSize: 1080x1920, appium:deviceUDID: emulator-5554, appium:javascriptEnabled: true, appium:locationContextEnabled: false, appium:networkConnectionEnabled: true, appium:newCommandTimeout: 60, appium:pixelRatio: 2.625, appium:platformVersion: 12, appium:resetKeyboard: true, appium:statBarHeight: 63, appium:takesScreenshot: true, appium:unicodeKeyboard: true, appium:viewportRect: {height: 1731, left: 0, top: 63, width: 1080}, appium:warnings: {}, appium:webStorageEnabled: false, platformName: ANDROID}
Session ID: e7062f6f-cb26-4504-8b2c-1e33943f1062
	at java.base/jdk.internal.reflect.NativeConstructorAccessorImpl.newInstance0(Native Method)
	at java.base/jdk.internal.reflect.NativeConstructorAccessorImpl.newInstance(NativeConstructorAccessorImpl.java:77)
	at java.base/jdk.internal.reflect.DelegatingConstructorAccessorImpl.newInstance(DelegatingConstructorAccessorImpl.java:45)
	at java.base/java.lang.reflect.Constructor.newInstanceWithCaller(Constructor.java:499)
	at java.base/java.lang.reflect.Constructor.newInstance(Constructor.java:480)
	at org.openqa.selenium.remote.codec.w3c.W3CHttpResponseCodec.createException(W3CHttpResponseCodec.java:200)
	at org.openqa.selenium.remote.codec.w3c.W3CHttpResponseCodec.decode(W3CHttpResponseCodec.java:133)
	at org.openqa.selenium.remote.codec.w3c.W3CHttpResponseCodec.decode(W3CHttpResponseCodec.java:52)
	at org.openqa.selenium.remote.HttpCommandExecutor.execute(HttpCommandExecutor.java:191)
	at io.appium.java_client.remote.AppiumCommandExecutor.execute(AppiumCommandExecutor.java:250)
	at org.openqa.selenium.remote.RemoteWebDriver.execute(RemoteWebDriver.java:602)
	at org.openqa.selenium.remote.ElementLocation$ElementFinder$2.findElement(ElementLocation.java:165)
	at org.openqa.selenium.remote.ElementLocation.findElement(ElementLocation.java:59)
	at org.openqa.selenium.remote.RemoteWebDriver.findElement(RemoteWebDriver.java:359)
	at org.openqa.selenium.remote.RemoteWebDriver.findElement(RemoteWebDriver.java:353)
	at org.openqa.selenium.support.pagefactory.DefaultElementLocator.findElement(DefaultElementLocator.java:68)
	at org.openqa.selenium.support.pagefactory.internal.LocatingElementHandler.invoke(LocatingElementHandler.java:38)
	at jdk.proxy2/jdk.proxy2.$Proxy44.getAttribute(Unknown Source)
	at qa.pageLayer.LoginPage.loginSuccessFullmassage(LoginPage.java:100)
	at stepDefination.CheckTrackLoginDef.verify_the_error_message_and(CheckTrackLoginDef.java:216)
	at ✽.verify the error message &quot;Login Successful&quot; and 0(file:///C:/Users/agsat/git/CucumberAuto/CucumberAuto/./FeatureFile/Loginfeature.feature:10)
</pre></div><a href='#' onClick='toggleBox("stack-trace1241976048", this, "Click to show all stack frames", "Click to hide stack frames")'>Click to show all stack frames</a>
<div class='stack-trace' id='stack-trace1241976048'><pre>org.openqa.selenium.NoSuchElementException: An element could not be located on the page using the given search parameters.
For documentation on this error, please visit: https://www.selenium.dev/documentation/webdriver/troubleshooting/errors#no-such-element-exception
Build info: version: &apos;4.13.0&apos;, revision: &apos;ba948ece5b*&apos;
System info: os.name: &apos;Windows 10&apos;, os.arch: &apos;amd64&apos;, os.version: &apos;10.0&apos;, java.version: &apos;17.0.8&apos;
Driver info: io.appium.java_client.android.AndroidDriver
Command: [e7062f6f-cb26-4504-8b2c-1e33943f1062, findElement {using=xpath, value=//android.view.View[@content-desc=&quot;Login Successful&quot;]}]
Capabilities {appium:app: C:\AkashWorkspace\SetupFile..., appium:appPackage: com.example.employee_app, appium:automationName: UiAutomator2, appium:databaseEnabled: false, appium:desired: {app: C:\AkashWorkspace\SetupFile..., automationName: UiAutomator2, deviceName: Android12, newCommandTimeout: 60, platformName: ANDROID, platformVersion: 12, resetKeyboard: true, unicodeKeyboard: true}, appium:deviceApiLevel: 31, appium:deviceManufacturer: Google, appium:deviceModel: sdk_gphone64_x86_64, appium:deviceName: emulator-5554, appium:deviceScreenDensity: 420, appium:deviceScreenSize: 1080x1920, appium:deviceUDID: emulator-5554, appium:javascriptEnabled: true, appium:locationContextEnabled: false, appium:networkConnectionEnabled: true, appium:newCommandTimeout: 60, appium:pixelRatio: 2.625, appium:platformVersion: 12, appium:resetKeyboard: true, appium:statBarHeight: 63, appium:takesScreenshot: true, appium:unicodeKeyboard: true, appium:viewportRect: {height: 1731, left: 0, top: 63, width: 1080}, appium:warnings: {}, appium:webStorageEnabled: false, platformName: ANDROID}
Session ID: e7062f6f-cb26-4504-8b2c-1e33943f1062
	at java.base/jdk.internal.reflect.NativeConstructorAccessorImpl.newInstance0(Native Method)
	at java.base/jdk.internal.reflect.NativeConstructorAccessorImpl.newInstance(NativeConstructorAccessorImpl.java:77)
	at java.base/jdk.internal.reflect.DelegatingConstructorAccessorImpl.newInstance(DelegatingConstructorAccessorImpl.java:45)
	at java.base/java.lang.reflect.Constructor.newInstanceWithCaller(Constructor.java:499)
	at java.base/java.lang.reflect.Constructor.newInstance(Constructor.java:480)
	at org.openqa.selenium.remote.codec.w3c.W3CHttpResponseCodec.createException(W3CHttpResponseCodec.java:200)
	at org.openqa.selenium.remote.codec.w3c.W3CHttpResponseCodec.decode(W3CHttpResponseCodec.java:133)
	at org.openqa.selenium.remote.codec.w3c.W3CHttpResponseCodec.decode(W3CHttpResponseCodec.java:52)
	at org.openqa.selenium.remote.HttpCommandExecutor.execute(HttpCommandExecutor.java:191)
	at io.appium.java_client.remote.AppiumCommandExecutor.execute(AppiumCommandExecutor.java:250)
	at org.openqa.selenium.remote.RemoteWebDriver.execute(RemoteWebDriver.java:602)
	at org.openqa.selenium.remote.ElementLocation$ElementFinder$2.findElement(ElementLocation.java:165)
	at org.openqa.selenium.remote.ElementLocation.findElement(ElementLocation.java:59)
	at org.openqa.selenium.remote.RemoteWebDriver.findElement(RemoteWebDriver.java:359)
	at org.openqa.selenium.remote.RemoteWebDriver.findElement(RemoteWebDriver.java:353)
	at org.openqa.selenium.support.pagefactory.DefaultElementLocator.findElement(DefaultElementLocator.java:68)
	at org.openqa.selenium.support.pagefactory.internal.LocatingElementHandler.invoke(LocatingElementHandler.java:38)
	at jdk.proxy2/jdk.proxy2.$Proxy44.getAttribute(Unknown Source)
	at qa.pageLayer.LoginPage.loginSuccessFullmassage(LoginPage.java:100)
	at stepDefination.CheckTrackLoginDef.verify_the_error_message_and(CheckTrackLoginDef.java:216)
	at ✽.verify the error message &quot;Login Successful&quot; and 0(file:///C:/Users/agsat/git/CucumberAuto/CucumberAuto/./FeatureFile/Loginfeature.feature:10)
</pre></div></td>
<td>61</td>
<td>testRunner.CheckTrackRunner@68567e20</td></tr>
</table><p>
<table width='100%' border='1' class='invocation-passed'>
<tr><td colspan='4' align='center'><b>PASSED TESTS</b></td></tr>
<tr><td><b>Test method</b></td>
<td><b>Attribute(s)</b></td>
<td width="30%"><b>Exception</b></td>
<td width="10%"><b>Time (seconds)</b></td>
<td><b>Instance</b></td>
</tr>
<tr>
<td title='testRunner.CheckTrackRunner.runScenario()'><b>runScenario</b><br>Test class: testRunner.CheckTrackRunner<br>Test method: Runs Cucumber Scenarios<br>Parameters: "Login Page Validations", "Verify the login Functionality"</td>
<td></td>
<td>18</td>
<td>testRunner.CheckTrackRunner@68567e20</td></tr>
<tr>
<td title='testRunner.CheckTrackRunner.runScenario()'><b>runScenario</b><br>Test class: testRunner.CheckTrackRunner<br>Test method: Runs Cucumber Scenarios<br>Parameters: "Login Page Validations", "Verify the login Functionality"</td>
<td></td>
<td>18</td>
<td>testRunner.CheckTrackRunner@68567e20</td></tr>
<tr>
<td title='testRunner.CheckTrackRunner.runScenario()'><b>runScenario</b><br>Test class: testRunner.CheckTrackRunner<br>Test method: Runs Cucumber Scenarios<br>Parameters: "Login Page Validations", "Verify the login Functionality"</td>
<td></td>
<td>22</td>
<td>testRunner.CheckTrackRunner@68567e20</td></tr>
<tr>
<td title='testRunner.CheckTrackRunner.runScenario()'><b>runScenario</b><br>Test class: testRunner.CheckTrackRunner<br>Test method: Runs Cucumber Scenarios<br>Parameters: "Login Page Validations", "Verify the login Functionality"</td>
<td></td>
<td>23</td>
<td>testRunner.CheckTrackRunner@68567e20</td></tr>
<tr>
<td title='testRunner.CheckTrackRunner.runScenario()'><b>runScenario</b><br>Test class: testRunner.CheckTrackRunner<br>Test method: Runs Cucumber Scenarios<br>Parameters: "Login Page Validations", "Verify the login Functionality"</td>
<td></td>
<td>17</td>
<td>testRunner.CheckTrackRunner@68567e20</td></tr>
<tr>
<td title='testRunner.CheckTrackRunner.runScenario()'><b>runScenario</b><br>Test class: testRunner.CheckTrackRunner<br>Test method: Runs Cucumber Scenarios<br>Parameters: "Login Page Validations", "Verify the login Functionality"</td>
<td></td>
<td>18</td>
<td>testRunner.CheckTrackRunner@68567e20</td></tr>
<tr>
<td title='testRunner.CheckTrackRunner.runScenario()'><b>runScenario</b><br>Test class: testRunner.CheckTrackRunner<br>Test method: Runs Cucumber Scenarios<br>Parameters: "Login Page Validations", "Verify the login Functionality"</td>
<td></td>
<td>18</td>
<td>testRunner.CheckTrackRunner@68567e20</td></tr>
<tr>
<td title='testRunner.CheckTrackRunner.runScenario()'><b>runScenario</b><br>Test class: testRunner.CheckTrackRunner<br>Test method: Runs Cucumber Scenarios<br>Parameters: "Login Page Validations", "Verify the login Functionality"</td>
<td></td>
<td>21</td>
<td>testRunner.CheckTrackRunner@68567e20</td></tr>
</table><p>
</body>
</html>